<?xml version="1.0" encoding="UTF-8"?>
<!-- Generated by org.testng.reporters.JUnitReportReporter -->
<testsuite hostname="LAPTOP-H00KO0QQ" failures="0" tests="4" name="com.testcases.Smoke.FirstTest" time="0.004" errors="0" timestamp="12 Oct 2020 15:00:16 GMT" skipped="0">
  <testcase classname="com.testcases.Smoke.FirstTest" name="TC1" time="0.001"/>
  <testcase classname="com.testcases.Smoke.FirstTest" name="TC1" time="0.001"/>
  <testcase classname="com.testcases.Smoke.FirstTest" name="TC2" time="0.001"/>
  <testcase classname="com.testcases.Smoke.FirstTest" name="TC3" time="0.001"/>
</testsuite> <!-- com.testcases.Smoke.FirstTest -->
