<?xml version="1.0" encoding="UTF-8"?>
<!-- Generated by org.testng.reporters.JUnitReportReporter -->
<testsuite hostname="LAPTOP-H00KO0QQ" failures="0" tests="3" name="com.testcases.Regression.ThirdTest" time="0.003" errors="0" timestamp="12 Oct 2020 16:19:45 GMT" skipped="0">
  <testcase classname="com.testcases.Regression.ThirdTest" name="TC8" time="0.001"/>
  <testcase classname="com.testcases.Regression.ThirdTest" name="TC7" time="0.001"/>
  <testcase classname="com.testcases.Regression.ThirdTest" name="TC9" time="0.001"/>
</testsuite> <!-- com.testcases.Regression.ThirdTest -->
