<?xml version="1.0" encoding="UTF-8"?>
<!-- Generated by org.testng.reporters.JUnitReportReporter -->
<testsuite hostname="LAPTOP-H00KO0QQ" failures="0" tests="2" name="com.testcases.Regression.FirstTest" time="0.010" errors="0" timestamp="12 Oct 2020 16:19:45 GMT" skipped="0">
  <testcase classname="com.testcases.Regression.FirstTest" name="TC3" time="0.001"/>
  <testcase classname="com.testcases.Regression.FirstTest" name="TC1" time="0.009"/>
</testsuite> <!-- com.testcases.Regression.FirstTest -->
