<?xml version="1.0" encoding="UTF-8"?>
<!-- Generated by org.testng.reporters.JUnitReportReporter -->
<testsuite hostname="LAPTOP-H00KO0QQ" failures="0" tests="3" name="com.testcases.Smoke.ThirdTest" time="0.002" errors="0" timestamp="12 Oct 2020 15:00:16 GMT" skipped="0">
  <testcase classname="com.testcases.Smoke.ThirdTest" name="TC7" time="0.001"/>
  <testcase classname="com.testcases.Smoke.ThirdTest" name="TC9" time="0.000"/>
  <testcase classname="com.testcases.Smoke.ThirdTest" name="TC8" time="0.001"/>
</testsuite> <!-- com.testcases.Smoke.ThirdTest -->
