<?xml version="1.0" encoding="UTF-8"?>
<testsuite xmlns:xsi="http://www.w3.org/2001/XMLSchema-instance" xsi:noNamespaceSchemaLocation="https://maven.apache.org/surefire/maven-surefire-plugin/xsd/surefire-test-report-3.0.xsd" version="3.0" name="TestSuite" time="0.685" tests="8" errors="0" skipped="0" failures="0">
  <properties>
    <property name="sun.desktop" value="windows"/>
    <property name="awt.toolkit" value="sun.awt.windows.WToolkit"/>
    <property name="file.encoding.pkg" value="sun.io"/>
    <property name="java.specification.version" value="1.8"/>
    <property name="sun.cpu.isalist" value="amd64"/>
    <property name="sun.jnu.encoding" value="Cp1252"/>
    <property name="java.class.path" value="C:\Users\harit\Desktop\UIPro\target\test-classes;C:\Users\harit\Desktop\UIPro\target\classes;C:\Users\harit\.m2\repository\org\testng\testng\6.14.3\testng-6.14.3.jar;C:\Users\harit\.m2\repository\com\beust\jcommander\1.72\jcommander-1.72.jar;C:\Users\harit\.m2\repository\org\apache-extras\beanshell\bsh\2.0b6\bsh-2.0b6.jar;C:\Users\harit\.m2\repository\org\uncommons\reportng\1.1.4\reportng-1.1.4.jar;C:\Users\harit\.m2\repository\velocity\velocity\1.4\velocity-1.4.jar;C:\Users\harit\.m2\repository\com\google\inject\guice\3.0\guice-3.0.jar;C:\Users\harit\.m2\repository\javax\inject\javax.inject\1\javax.inject-1.jar;C:\Users\harit\.m2\repository\aopalliance\aopalliance\1.0\aopalliance-1.0.jar;C:\Users\harit\.m2\repository\velocity\velocity-dep\1.4\velocity-dep-1.4.jar;"/>
    <property name="java.vm.vendor" value="Oracle Corporation"/>
    <property name="sun.arch.data.model" value="64"/>
    <property name="user.variant" value=""/>
    <property name="org.uncommons.reportng.title" value="Automation Report"/>
    <property name="java.vendor.url" value="http://java.oracle.com/"/>
    <property name="user.timezone" value="America/New_York"/>
    <property name="java.vm.specification.version" value="1.8"/>
    <property name="os.name" value="Windows 10"/>
    <property name="user.country" value="US"/>
    <property name="sun.java.launcher" value="SUN_STANDARD"/>
    <property name="sun.boot.library.path" value="C:\Program Files\Java\jdk1.8.0_261\jre\bin"/>
    <property name="sun.java.command" value="C:\Users\harit\AppData\Local\Temp\surefire487130365144388166\surefirebooter6179808564709529780.jar C:\Users\harit\AppData\Local\Temp\surefire487130365144388166 2020-10-13T09-12-43_939-jvmRun1 surefire1207115075335315563tmp surefire_03475240236436137417tmp"/>
    <property name="surefire.test.class.path" value="C:\Users\harit\Desktop\UIPro\target\test-classes;C:\Users\harit\Desktop\UIPro\target\classes;C:\Users\harit\.m2\repository\org\testng\testng\6.14.3\testng-6.14.3.jar;C:\Users\harit\.m2\repository\com\beust\jcommander\1.72\jcommander-1.72.jar;C:\Users\harit\.m2\repository\org\apache-extras\beanshell\bsh\2.0b6\bsh-2.0b6.jar;C:\Users\harit\.m2\repository\org\uncommons\reportng\1.1.4\reportng-1.1.4.jar;C:\Users\harit\.m2\repository\velocity\velocity\1.4\velocity-1.4.jar;C:\Users\harit\.m2\repository\com\google\inject\guice\3.0\guice-3.0.jar;C:\Users\harit\.m2\repository\javax\inject\javax.inject\1\javax.inject-1.jar;C:\Users\harit\.m2\repository\aopalliance\aopalliance\1.0\aopalliance-1.0.jar;C:\Users\harit\.m2\repository\velocity\velocity-dep\1.4\velocity-dep-1.4.jar;"/>
    <property name="sun.cpu.endian" value="little"/>
    <property name="user.home" value="C:\Users\harit"/>
    <property name="user.language" value="en"/>
    <property name="java.specification.vendor" value="Oracle Corporation"/>
    <property name="java.home" value="C:\Program Files\Java\jdk1.8.0_261\jre"/>
    <property name="basedir" value="C:\Users\harit\Desktop\UIPro"/>
    <property name="file.separator" value="\"/>
    <property name="line.separator" value="&#10;"/>
    <property name="java.vm.specification.vendor" value="Oracle Corporation"/>
    <property name="java.specification.name" value="Java Platform API Specification"/>
    <property name="java.awt.graphicsenv" value="sun.awt.Win32GraphicsEnvironment"/>
    <property name="surefire.real.class.path" value="C:\Users\harit\AppData\Local\Temp\surefire487130365144388166\surefirebooter6179808564709529780.jar"/>
    <property name="sun.boot.class.path" value="C:\Program Files\Java\jdk1.8.0_261\jre\lib\resources.jar;C:\Program Files\Java\jdk1.8.0_261\jre\lib\rt.jar;C:\Program Files\Java\jdk1.8.0_261\jre\lib\sunrsasign.jar;C:\Program Files\Java\jdk1.8.0_261\jre\lib\jsse.jar;C:\Program Files\Java\jdk1.8.0_261\jre\lib\jce.jar;C:\Program Files\Java\jdk1.8.0_261\jre\lib\charsets.jar;C:\Program Files\Java\jdk1.8.0_261\jre\lib\jfr.jar;C:\Program Files\Java\jdk1.8.0_261\jre\classes"/>
    <property name="user.script" value=""/>
    <property name="sun.management.compiler" value="HotSpot 64-Bit Tiered Compilers"/>
    <property name="java.runtime.version" value="1.8.0_261-b12"/>
    <property name="user.name" value="harit"/>
    <property name="path.separator" value=";"/>
    <property name="os.version" value="10.0"/>
    <property name="java.endorsed.dirs" value="C:\Program Files\Java\jdk1.8.0_261\jre\lib\endorsed"/>
    <property name="java.runtime.name" value="Java(TM) SE Runtime Environment"/>
    <property name="file.encoding" value="Cp1252"/>
    <property name="java.vm.name" value="Java HotSpot(TM) 64-Bit Server VM"/>
    <property name="localRepository" value="C:\Users\harit\.m2\repository"/>
    <property name="java.vendor.url.bug" value="http://bugreport.sun.com/bugreport/"/>
    <property name="java.io.tmpdir" value="C:\Users\harit\AppData\Local\Temp\"/>
    <property name="java.version" value="1.8.0_261"/>
    <property name="user.dir" value="C:\Users\harit\Desktop\UIPro"/>
    <property name="os.arch" value="amd64"/>
    <property name="java.vm.specification.name" value="Java Virtual Machine Specification"/>
    <property name="java.awt.printerjob" value="sun.awt.windows.WPrinterJob"/>
    <property name="sun.os.patch.level" value=""/>
    <property name="java.library.path" value="C:\Program Files\Java\jdk1.8.0_261\jre\bin;C:\windows\Sun\Java\bin;C:\windows\system32;C:\windows;C:\Program Files (x86)\Common Files\Oracle\Java\javapath;C:\windows\system32;C:\windows;C:\windows\System32\Wbem;C:\windows\System32\WindowsPowerShell\v1.0\;C:\windows\System32\OpenSSH\;C:\Program Files (x86)\NVIDIA Corporation\PhysX\Common;C:\Program Files\NVIDIA Corporation\NVIDIA NvDLISR;C:\Users\harit\Downloads\apache-maven-3.6.3-bin\apache-maven-3.6.3\bin;C:\Users\harit\AppData\Local\Microsoft\WindowsApps;;."/>
    <property name="java.vm.info" value="mixed mode"/>
    <property name="java.vendor" value="Oracle Corporation"/>
    <property name="java.vm.version" value="25.261-b12"/>
    <property name="java.ext.dirs" value="C:\Program Files\Java\jdk1.8.0_261\jre\lib\ext;C:\windows\Sun\Java\lib\ext"/>
    <property name="sun.io.unicode.encoding" value="UnicodeLittle"/>
    <property name="java.class.version" value="52.0"/>
  </properties>
  <testcase name="TC1" classname="com.testcases.Regression.FirstTest" time="0.012">
    <system-out><![CDATA[RegFirstTestCase
]]></system-out>
  </testcase>
  <testcase name="TC3" classname="com.testcases.Regression.FirstTest" time="0.002">
    <system-out><![CDATA[RegThirdTestCase
]]></system-out>
  </testcase>
  <testcase name="TC4" classname="com.testcases.Regression.SecondTest" time="0.001">
    <system-out><![CDATA[RegFourthTestCase
]]></system-out>
  </testcase>
  <testcase name="TC5" classname="com.testcases.Regression.SecondTest" time="0.002">
    <system-out><![CDATA[RegFifthTestCase
]]></system-out>
  </testcase>
  <testcase name="TC6" classname="com.testcases.Regression.SecondTest" time="0.002">
    <system-out><![CDATA[RegSixthTestCase
]]></system-out>
  </testcase>
  <testcase name="TC7" classname="com.testcases.Regression.ThirdTest" time="0.001">
    <system-out><![CDATA[RegSeventhTestCase
]]></system-out>
  </testcase>
  <testcase name="TC8" classname="com.testcases.Regression.ThirdTest" time="0.003">
    <system-out><![CDATA[RegEighthTestCase
]]></system-out>
  </testcase>
  <testcase name="TC9" classname="com.testcases.Regression.ThirdTest" time="0">
    <system-out><![CDATA[RegninethTestCase
]]></system-out>
  </testcase>
</testsuite>