<?xml version="1.0" encoding="UTF-8"?>
<!-- Generated by org.testng.reporters.JUnitReportReporter -->
<testsuite skipped="0" hostname="LAPTOP-H00KO0QQ" name="com.testcases.Regression.FirstTest" tests="2" failures="0" timestamp="13 Oct 2020 13:12:45 GMT" time="0.009" errors="0">
  <testcase name="TC1" time="0.009" classname="com.testcases.Regression.FirstTest"/>
  <testcase name="TC3" time="0.000" classname="com.testcases.Regression.FirstTest"/>
</testsuite> <!-- com.testcases.Regression.FirstTest -->
