<?xml version="1.0" encoding="UTF-8"?>
<!-- Generated by org.testng.reporters.JUnitReportReporter -->
<testsuite skipped="0" hostname="LAPTOP-H00KO0QQ" name="com.testcases.Regression.SecondTest" tests="3" failures="0" timestamp="13 Oct 2020 13:12:45 GMT" time="0.000" errors="0">
  <testcase name="TC6" time="0.000" classname="com.testcases.Regression.SecondTest"/>
  <testcase name="TC4" time="0.000" classname="com.testcases.Regression.SecondTest"/>
  <testcase name="TC5" time="0.000" classname="com.testcases.Regression.SecondTest"/>
</testsuite> <!-- com.testcases.Regression.SecondTest -->
