<?xml version="1.0" encoding="UTF-8"?>
<!-- Generated by org.testng.reporters.JUnitReportReporter -->
<testsuite skipped="0" hostname="LAPTOP-H00KO0QQ" name="com.testcases.Regression.ThirdTest" tests="3" failures="0" timestamp="13 Oct 2020 13:12:45 GMT" time="0.000" errors="0">
  <testcase name="TC7" time="0.000" classname="com.testcases.Regression.ThirdTest"/>
  <testcase name="TC8" time="0.000" classname="com.testcases.Regression.ThirdTest"/>
  <testcase name="TC9" time="0.000" classname="com.testcases.Regression.ThirdTest"/>
</testsuite> <!-- com.testcases.Regression.ThirdTest -->
